"DATALOG Log file."
"Log started 19:22 on 23 June 1996"
"--------------------------------------"

"Channel data:"
"Num","Type","Notes"
"----","--------","-----------------------------------------------------"
"1  ","E Therm","                                                 "
"3  ","K Therm","                                                 "
"10 ","Strain ","                                                 "
"12 ","Voltage","                                                 "

"Output channels:"
"  Channel 12 (Voltage): +0.00"

"Strain gauge setup:"
"     Bridge voltage: 6.80 V"
"       Gauge factor: 2.50
"        Bridge type: Full   

"Logged data at sample rate of 1 secs:"
"Time","1  øC ","3  øC ","10 æst",""
"--------","--------","--------","--------",""
"19:22:39",     0.0,     0.0,      0
"19:22:40",     0.0,     0.0,      0
"19:22:41",     0.0,     0.0,      0
"19:22:42",     0.0,     0.0,      0
"19:22:43",     0.0,     0.0,      0
"19:22:44",     0.0,     0.0,      0
"19:22:45",     0.0,     0.0,      0
